<html>
<head>
<title>TestNG:  DemographicsTest</title>
<link href="../testng.css" rel="stylesheet" type="text/css" />
<link href="../my-testng.css" rel="stylesheet" type="text/css" />

<style type="text/css">
.log { display: none;} 
.stack-trace { display: none;} 
</style>
<script type="text/javascript">
<!--
function flip(e) {
  current = e.style.display;
  if (current == 'block') {
    e.style.display = 'none';
    return 0;
  }
  else {
    e.style.display = 'block';
    return 1;
  }
}

function toggleBox(szDivId, elem, msg1, msg2)
{
  var res = -1;  if (document.getElementById) {
    res = flip(document.getElementById(szDivId));
  }
  else if (document.all) {
    // this is the way old msie versions work
    res = flip(document.all[szDivId]);
  }
  if(elem) {
    if(res == 0) elem.innerHTML = msg1; else elem.innerHTML = msg2;
  }

}

function toggleAllBoxes() {
  if (document.getElementsByTagName) {
    d = document.getElementsByTagName('div');
    for (i = 0; i < d.length; i++) {
      if (d[i].className == 'log') {
        flip(d[i]);
      }
    }
  }
}

// -->
</script>

</head>
<body>
<h2 align='center'>DemographicsTest</h2><table border='1' align="center">
<tr>
<td>Tests passed/Failed/Skipped:</td><td>0/0/3</td>
</tr><tr>
<td>Started on:</td><td>Tue Jul 17 12:10:15 IST 2018</td>
</tr>
<tr><td>Total time:</td><td>0 seconds (44 ms)</td>
</tr><tr>
<td>Included groups:</td><td></td>
</tr><tr>
<td>Excluded groups:</td><td></td>
</tr>
</table><p/>
<small><i>(Hover the method name to see the test class name)</i></small><p/>
<table width='100%' border='1' class='invocation-failed'>
<tr><td colspan='4' align='center'><b>FAILED CONFIGURATIONS</b></td></tr>
<tr><td><b>Test method</b></td>
<td width="30%"><b>Exception</b></td>
<td width="10%"><b>Time (seconds)</b></td>
<td><b>Instance</b></td>
</tr>
<tr>
<td title='com.gmed.test.DemographicsTest.initBeforeSuite()'><b>initBeforeSuite</b><br>Test class: com.gmed.test.DemographicsTest</td>
<td><div><pre>org.openqa.selenium.NoSuchWindowException: Error retrieving window with handle current (WARNING: The server did not provide any stacktrace information)
Command duration or timeout: 17 milliseconds
Build info: version: &apos;2.53.0&apos;, revision: &apos;35ae25b1534ae328c771e0856c93e187490ca824&apos;, time: &apos;2016-03-15 10:43:46&apos;
System info: host: &apos;NDI-LAP-668&apos;, ip: &apos;172.20.10.143&apos;, os.name: &apos;Windows 10&apos;, os.arch: &apos;amd64&apos;, os.version: &apos;10.0&apos;, java.version: &apos;1.8.0_171&apos;
Driver info: org.openqa.selenium.ie.InternetExplorerDriver
Capabilities [{browserAttachTimeout=0, ie.enableFullPageScreenshot=true, enablePersistentHover=false, ie.forceCreateProcessApi=false, ie.forceShellWindowsApi=false, pageLoadStrategy=normal, ignoreZoomSetting=true, ie.fileUploadDialogTimeout=3000, version=11, platform=WINDOWS, proxy={proxyType=}, nativeEvents=false, ie.ensureCleanSession=false, elementScrollBehavior=0, ie.browserCommandLineSwitches=, requireWindowFocus=false, browserName=internet explorer, initialBrowserUrl=https://www.facebook.com/, javascriptEnabled=true, ignoreProtectedModeSettings=true, enableElementCacheCleanup=true, unexpectedAlertBehaviour=accept}]
Session ID: e0365f95-8cf3-4b1d-82ec-2e563dc91efe
	at org.openqa.selenium.remote.ErrorHandler.createThrowable(ErrorHandler.java:206)
	at org.openqa.selenium.remote.ErrorHandler.throwIfResponseFailed(ErrorHandler.java:158)
	at org.openqa.selenium.remote.RemoteWebDriver.execute(RemoteWebDriver.java:678)
	at org.openqa.selenium.remote.RemoteWebDriver$RemoteWebDriverOptions$RemoteWindow.maximize(RemoteWebDriver.java:945)
	at org.openqa.selenium.support.events.EventFiringWebDriver$EventFiringWindow.maximize(EventFiringWebDriver.java:644)
	at com.gmed.helper.DriverFactory.openURL(DriverFactory.java:116)
	at com.gmed.base.BaseTestClass.initBeforeSuite(BaseTestClass.java:47)
... Removed 22 stack frames</pre></div><a href='#' onClick='toggleBox("stack-trace1561063579", this, "Click to show all stack frames", "Click to hide stack frames")'>Click to show all stack frames</a>
<div class='stack-trace' id='stack-trace1561063579'><pre>org.openqa.selenium.NoSuchWindowException: Error retrieving window with handle current (WARNING: The server did not provide any stacktrace information)
Command duration or timeout: 17 milliseconds
Build info: version: &apos;2.53.0&apos;, revision: &apos;35ae25b1534ae328c771e0856c93e187490ca824&apos;, time: &apos;2016-03-15 10:43:46&apos;
System info: host: &apos;NDI-LAP-668&apos;, ip: &apos;172.20.10.143&apos;, os.name: &apos;Windows 10&apos;, os.arch: &apos;amd64&apos;, os.version: &apos;10.0&apos;, java.version: &apos;1.8.0_171&apos;
Driver info: org.openqa.selenium.ie.InternetExplorerDriver
Capabilities [{browserAttachTimeout=0, ie.enableFullPageScreenshot=true, enablePersistentHover=false, ie.forceCreateProcessApi=false, ie.forceShellWindowsApi=false, pageLoadStrategy=normal, ignoreZoomSetting=true, ie.fileUploadDialogTimeout=3000, version=11, platform=WINDOWS, proxy={proxyType=}, nativeEvents=false, ie.ensureCleanSession=false, elementScrollBehavior=0, ie.browserCommandLineSwitches=, requireWindowFocus=false, browserName=internet explorer, initialBrowserUrl=https://www.facebook.com/, javascriptEnabled=true, ignoreProtectedModeSettings=true, enableElementCacheCleanup=true, unexpectedAlertBehaviour=accept}]
Session ID: e0365f95-8cf3-4b1d-82ec-2e563dc91efe
	at sun.reflect.NativeConstructorAccessorImpl.newInstance0(Native Method)
	at sun.reflect.NativeConstructorAccessorImpl.newInstance(Unknown Source)
	at sun.reflect.DelegatingConstructorAccessorImpl.newInstance(Unknown Source)
	at java.lang.reflect.Constructor.newInstance(Unknown Source)
	at org.openqa.selenium.remote.ErrorHandler.createThrowable(ErrorHandler.java:206)
	at org.openqa.selenium.remote.ErrorHandler.throwIfResponseFailed(ErrorHandler.java:158)
	at org.openqa.selenium.remote.RemoteWebDriver.execute(RemoteWebDriver.java:678)
	at org.openqa.selenium.remote.RemoteWebDriver$RemoteWebDriverOptions$RemoteWindow.maximize(RemoteWebDriver.java:945)
	at org.openqa.selenium.support.events.EventFiringWebDriver$EventFiringWindow.maximize(EventFiringWebDriver.java:644)
	at com.gmed.helper.DriverFactory.openURL(DriverFactory.java:116)
	at com.gmed.base.BaseTestClass.initBeforeSuite(BaseTestClass.java:47)
	at sun.reflect.NativeMethodAccessorImpl.invoke0(Native Method)
	at sun.reflect.NativeMethodAccessorImpl.invoke(Unknown Source)
	at sun.reflect.DelegatingMethodAccessorImpl.invoke(Unknown Source)
	at java.lang.reflect.Method.invoke(Unknown Source)
	at org.testng.internal.MethodInvocationHelper.invokeMethod(MethodInvocationHelper.java:85)
	at org.testng.internal.Invoker.invokeConfigurationMethod(Invoker.java:510)
	at org.testng.internal.Invoker.invokeConfigurations(Invoker.java:211)
	at org.testng.internal.Invoker.invokeConfigurations(Invoker.java:138)
	at org.testng.SuiteRunner.privateRun(SuiteRunner.java:298)
	at org.testng.SuiteRunner.run(SuiteRunner.java:261)
	at org.testng.SuiteRunnerWorker.runSuite(SuiteRunnerWorker.java:52)
	at org.testng.SuiteRunnerWorker.run(SuiteRunnerWorker.java:86)
	at org.testng.TestNG.runSuitesSequentially(TestNG.java:1215)
	at org.testng.TestNG.runSuitesLocally(TestNG.java:1140)
	at org.testng.TestNG.run(TestNG.java:1048)
	at org.testng.remote.AbstractRemoteTestNG.run(AbstractRemoteTestNG.java:132)
	at org.testng.remote.RemoteTestNG.initAndRun(RemoteTestNG.java:236)
	at org.testng.remote.RemoteTestNG.main(RemoteTestNG.java:81)
</pre></div></td>
<td>0</td>
<td>null</td></tr>
</table><p>
<table width='100%' border='1' class='invocation-skipped'>
<tr><td colspan='4' align='center'><b>SKIPPED CONFIGURATIONS</b></td></tr>
<tr><td><b>Test method</b></td>
<td width="30%"><b>Exception</b></td>
<td width="10%"><b>Time (seconds)</b></td>
<td><b>Instance</b></td>
</tr>
<tr>
<td title='com.gmed.test.DemographicsTest.initClass()'><b>initClass</b><br>Test class: com.gmed.test.DemographicsTest</td>
<td></td>
<td>0</td>
<td>com.gmed.test.DemographicsTest@1efed156</td></tr>
<tr>
<td title='com.gmed.test.DemographicsTest.init()'><b>init</b><br>Test class: com.gmed.test.DemographicsTest</td>
<td></td>
<td>0</td>
<td>com.gmed.test.DemographicsTest@1efed156</td></tr>
<tr>
<td title='com.gmed.test.DemographicsTest.init()'><b>init</b><br>Test class: com.gmed.test.DemographicsTest</td>
<td></td>
<td>0</td>
<td>com.gmed.test.DemographicsTest@1efed156</td></tr>
<tr>
<td title='com.gmed.test.DemographicsTest.init()'><b>init</b><br>Test class: com.gmed.test.DemographicsTest</td>
<td></td>
<td>0</td>
<td>com.gmed.test.DemographicsTest@1efed156</td></tr>
<tr>
<td title='com.gmed.test.DemographicsTest.afterEachTest()'><b>afterEachTest</b><br>Test class: com.gmed.test.DemographicsTest</td>
<td></td>
<td>0</td>
<td>com.gmed.test.DemographicsTest@1efed156</td></tr>
<tr>
<td title='com.gmed.test.DemographicsTest.afterEachTest()'><b>afterEachTest</b><br>Test class: com.gmed.test.DemographicsTest</td>
<td></td>
<td>0</td>
<td>com.gmed.test.DemographicsTest@1efed156</td></tr>
<tr>
<td title='com.gmed.test.DemographicsTest.afterEachTest()'><b>afterEachTest</b><br>Test class: com.gmed.test.DemographicsTest</td>
<td></td>
<td>0</td>
<td>com.gmed.test.DemographicsTest@1efed156</td></tr>
<tr>
<td title='com.gmed.test.DemographicsTest.classTearDown()'><b>classTearDown</b><br>Test class: com.gmed.test.DemographicsTest</td>
<td></td>
<td>0</td>
<td>com.gmed.test.DemographicsTest@1efed156</td></tr>
</table><p>
<table width='100%' border='1' class='invocation-skipped'>
<tr><td colspan='4' align='center'><b>SKIPPED TESTS</b></td></tr>
<tr><td><b>Test method</b></td>
<td width="30%"><b>Exception</b></td>
<td width="10%"><b>Time (seconds)</b></td>
<td><b>Instance</b></td>
</tr>
<tr>
<td title='com.gmed.test.DemographicsTest.modifyPatient()'><b>modifyPatient</b><br>Test class: com.gmed.test.DemographicsTest<br>Test method: To verify that user can modify demographic details ,Insurance and Guarantor information in Demographics </td>
<td></td>
<td>0</td>
<td>com.gmed.test.DemographicsTest@1efed156</td></tr>
<tr>
<td title='com.gmed.test.DemographicsTest.verifyPatientByAgeReport()'><b>verifyPatientByAgeReport</b><br>Test class: com.gmed.test.DemographicsTest<br>Test method: To verify that patient by age Report for demographics Module </td>
<td></td>
<td>0</td>
<td>com.gmed.test.DemographicsTest@1efed156</td></tr>
<tr>
<td title='com.gmed.test.DemographicsTest.verifyPatientByZipCodeReport()'><b>verifyPatientByZipCodeReport</b><br>Test class: com.gmed.test.DemographicsTest<br>Test method: To verify that patient by Zip Address Report for demographics Module </td>
<td></td>
<td>0</td>
<td>com.gmed.test.DemographicsTest@1efed156</td></tr>
</table><p>
</body>
</html>