<?xml version="1.0" encoding="UTF-8"?>
<!-- Generated by org.testng.reporters.JUnitXMLReporter -->
<testsuite hostname="NDI-LAP-668" name="DemographicsTest" tests="3" failures="0" timestamp="17 Jul 2018 06:40:15 GMT" time="0.044" errors="0">
  <testcase name="@BeforeSuite initBeforeSuite" time="0.0" classname="com.gmed.test.DemographicsTest">
    <failure type="org.openqa.selenium.NoSuchWindowException" message="Error retrieving window with handle current (WARNING: The server did not provide any stacktrace information)
Command duration or timeout: 17 milliseconds
Build info: version: &amp;apos;2.53.0&amp;apos;, revision: &amp;apos;35ae25b1534ae328c771e0856c93e187490ca824&amp;apos;, time: &amp;apos;2016-03-15 10:43:46&amp;apos;
System info: host: &amp;apos;NDI-LAP-668&amp;apos;, ip: &amp;apos;172.20.10.143&amp;apos;, os.name: &amp;apos;Windows 10&amp;apos;, os.arch: &amp;apos;amd64&amp;apos;, os.version: &amp;apos;10.0&amp;apos;, java.version: &amp;apos;1.8.0_171&amp;apos;
Driver info: org.openqa.selenium.ie.InternetExplorerDriver
Capabilities [{browserAttachTimeout=0, ie.enableFullPageScreenshot=true, enablePersistentHover=false, ie.forceCreateProcessApi=false, ie.forceShellWindowsApi=false, pageLoadStrategy=normal, ignoreZoomSetting=true, ie.fileUploadDialogTimeout=3000, version=11, platform=WINDOWS, proxy={proxyType=}, nativeEvents=false, ie.ensureCleanSession=false, elementScrollBehavior=0, ie.browserCommandLineSwitches=, requireWindowFocus=false, browserName=internet explorer, initialBrowserUrl=https://www.facebook.com/, javascriptEnabled=true, ignoreProtectedModeSettings=true, enableElementCacheCleanup=true, unexpectedAlertBehaviour=accept}]
Session ID: e0365f95-8cf3-4b1d-82ec-2e563dc91efe">
      <![CDATA[org.openqa.selenium.NoSuchWindowException: Error retrieving window with handle current (WARNING: The server did not provide any stacktrace information)
Command duration or timeout: 17 milliseconds
Build info: version: '2.53.0', revision: '35ae25b1534ae328c771e0856c93e187490ca824', time: '2016-03-15 10:43:46'
System info: host: 'NDI-LAP-668', ip: '172.20.10.143', os.name: 'Windows 10', os.arch: 'amd64', os.version: '10.0', java.version: '1.8.0_171'
Driver info: org.openqa.selenium.ie.InternetExplorerDriver
Capabilities [{browserAttachTimeout=0, ie.enableFullPageScreenshot=true, enablePersistentHover=false, ie.forceCreateProcessApi=false, ie.forceShellWindowsApi=false, pageLoadStrategy=normal, ignoreZoomSetting=true, ie.fileUploadDialogTimeout=3000, version=11, platform=WINDOWS, proxy={proxyType=}, nativeEvents=false, ie.ensureCleanSession=false, elementScrollBehavior=0, ie.browserCommandLineSwitches=, requireWindowFocus=false, browserName=internet explorer, initialBrowserUrl=https://www.facebook.com/, javascriptEnabled=true, ignoreProtectedModeSettings=true, enableElementCacheCleanup=true, unexpectedAlertBehaviour=accept}]
Session ID: e0365f95-8cf3-4b1d-82ec-2e563dc91efe
	at org.openqa.selenium.remote.ErrorHandler.createThrowable(ErrorHandler.java:206)
	at org.openqa.selenium.remote.ErrorHandler.throwIfResponseFailed(ErrorHandler.java:158)
	at org.openqa.selenium.remote.RemoteWebDriver.execute(RemoteWebDriver.java:678)
	at org.openqa.selenium.remote.RemoteWebDriver$RemoteWebDriverOptions$RemoteWindow.maximize(RemoteWebDriver.java:945)
	at org.openqa.selenium.support.events.EventFiringWebDriver$EventFiringWindow.maximize(EventFiringWebDriver.java:644)
	at com.gmed.helper.DriverFactory.openURL(DriverFactory.java:116)
	at com.gmed.base.BaseTestClass.initBeforeSuite(BaseTestClass.java:47)
... Removed 22 stack frames]]>
    </failure>
  </testcase> <!-- @BeforeSuite initBeforeSuite -->
  <testcase name="@BeforeClass initClass" time="0.0" classname="com.gmed.test.DemographicsTest">
    <skipped/>
  </testcase> <!-- @BeforeClass initClass -->
  <testcase name="@BeforeMethod init" time="0.0" classname="com.gmed.test.DemographicsTest">
    <skipped/>
  </testcase> <!-- @BeforeMethod init -->
  <testcase name="@AfterMethod afterEachTest" time="0.0" classname="com.gmed.test.DemographicsTest">
    <skipped/>
  </testcase> <!-- @AfterMethod afterEachTest -->
  <testcase name="@BeforeMethod init" time="0.0" classname="com.gmed.test.DemographicsTest">
    <skipped/>
  </testcase> <!-- @BeforeMethod init -->
  <testcase name="@AfterMethod afterEachTest" time="0.0" classname="com.gmed.test.DemographicsTest">
    <skipped/>
  </testcase> <!-- @AfterMethod afterEachTest -->
  <testcase name="@BeforeMethod init" time="0.0" classname="com.gmed.test.DemographicsTest">
    <skipped/>
  </testcase> <!-- @BeforeMethod init -->
  <testcase name="@AfterMethod afterEachTest" time="0.0" classname="com.gmed.test.DemographicsTest">
    <skipped/>
  </testcase> <!-- @AfterMethod afterEachTest -->
  <testcase name="@AfterClass classTearDown" time="0.0" classname="com.gmed.test.DemographicsTest">
    <skipped/>
  </testcase> <!-- @AfterClass classTearDown -->
  <testcase name="modifyPatient" time="0.002" classname="com.gmed.test.DemographicsTest">
    <skipped/>
  </testcase> <!-- modifyPatient -->
  <testcase name="verifyPatientByAgeReport" time="0.001" classname="com.gmed.test.DemographicsTest">
    <skipped/>
  </testcase> <!-- verifyPatientByAgeReport -->
  <testcase name="verifyPatientByZipCodeReport" time="0.001" classname="com.gmed.test.DemographicsTest">
    <skipped/>
  </testcase> <!-- verifyPatientByZipCodeReport -->
</testsuite> <!-- DemographicsTest -->
